<?xml version="1.0" encoding="UTF-8"?>
<!-- Generated by org.testng.reporters.JUnitXMLReporter -->
<testsuite ignored="0" hostname="DESKTOP-3M1GM3M" failures="0" tests="4" name="MasterTestcases" time="82.529" errors="0" timestamp="2025-06-26T16:37:44 IST">
  <testcase classname="testCases.VerifyRegistrationSuccessful" name="registration" time="9.361"/>
  <testcase classname="testCases.Tc_001_Verify_LoginSuccesful" name="LoginSuccessfu" time="14.588"/>
  <testcase classname="testCases.Tc_002_Login_dtt" name="ValidateLogin" time="12.234"/>
  <testcase classname="testCases.Tc_002_Login_dtt" name="ValidateLogin" time="11.761"/>
</testsuite> <!-- MasterTestcases -->
