<?xml version="1.0" encoding="UTF-8"?>
<!-- Generated by org.testng.reporters.JUnitXMLReporter -->
<testsuite ignored="0" hostname="DESKTOP-3M1GM3M" failures="0" tests="4" name="MasterTestcases" time="81.889" errors="0" timestamp="2025-06-26T17:30:44 IST">
  <testcase classname="testCases.VerifyRegistrationSuccessful" name="registration" time="9.432"/>
  <testcase classname="testCases.Tc_001_Verify_LoginSuccesful" name="LoginSuccessfu" time="16.67"/>
  <testcase classname="testCases.Tc_002_Login_dtt" name="ValidateLogin" time="12.194"/>
  <testcase classname="testCases.Tc_002_Login_dtt" name="ValidateLogin" time="11.9"/>
</testsuite> <!-- MasterTestcases -->
