<?xml version="1.0" encoding="UTF-8"?>
<testng-results ignored="0" total="4" passed="4" failed="0" skipped="0">
  <reporter-output>
  </reporter-output>
  <suite started-at="2025-06-26T16:36:21 IST" name="Suite" finished-at="2025-06-26T16:37:44 IST" duration-ms="82529">
    <groups>
    </groups>
    <test started-at="2025-06-26T16:36:21 IST" name="MasterTestcases" finished-at="2025-06-26T16:37:44 IST" duration-ms="82529">
      <class name="testCases.Tc_001_Verify_LoginSuccesful">
        <test-method is-config="true" signature="setup(java.lang.String)[pri:0, instance:testCases.Tc_001_Verify_LoginSuccesful@4d1c00d0]" started-at="2025-06-26T16:36:45 IST" name="setup" finished-at="2025-06-26T16:36:54 IST" duration-ms="9476" status="PASS">
          <params>
            <param index="0">
              <value>
                <![CDATA[chrome]]>
              </value>
            </param>
          </params>
          <reporter-output>
          </reporter-output>
        </test-method> <!-- setup -->
        <test-method signature="LoginSuccessfu()[pri:0, instance:testCases.Tc_001_Verify_LoginSuccesful@4d1c00d0]" started-at="2025-06-26T16:36:54 IST" name="LoginSuccessfu" finished-at="2025-06-26T16:37:09 IST" duration-ms="14588" status="PASS">
          <reporter-output>
          </reporter-output>
        </test-method> <!-- LoginSuccessfu -->
        <test-method is-config="true" signature="teardown()[pri:0, instance:testCases.Tc_001_Verify_LoginSuccesful@4d1c00d0]" started-at="2025-06-26T16:37:09 IST" name="teardown" finished-at="2025-06-26T16:37:09 IST" duration-ms="341" status="PASS">
          <reporter-output>
          </reporter-output>
        </test-method> <!-- teardown -->
      </class> <!-- testCases.Tc_001_Verify_LoginSuccesful -->
      <class name="testCases.VerifyRegistrationSuccessful">
        <test-method is-config="true" signature="setup(java.lang.String)[pri:0, instance:testCases.VerifyRegistrationSuccessful@3857f613]" started-at="2025-06-26T16:36:21 IST" name="setup" finished-at="2025-06-26T16:36:35 IST" duration-ms="13479" status="PASS">
          <params>
            <param index="0">
              <value>
                <![CDATA[chrome]]>
              </value>
            </param>
          </params>
          <reporter-output>
          </reporter-output>
        </test-method> <!-- setup -->
        <test-method signature="registration()[pri:0, instance:testCases.VerifyRegistrationSuccessful@3857f613]" started-at="2025-06-26T16:36:35 IST" name="registration" finished-at="2025-06-26T16:36:44 IST" duration-ms="9361" status="PASS">
          <reporter-output>
          </reporter-output>
        </test-method> <!-- registration -->
        <test-method is-config="true" signature="teardown()[pri:0, instance:testCases.VerifyRegistrationSuccessful@3857f613]" started-at="2025-06-26T16:36:44 IST" name="teardown" finished-at="2025-06-26T16:36:45 IST" duration-ms="425" status="PASS">
          <reporter-output>
          </reporter-output>
        </test-method> <!-- teardown -->
      </class> <!-- testCases.VerifyRegistrationSuccessful -->
      <class name="testCases.Tc_002_Login_dtt">
        <test-method is-config="true" signature="setup(java.lang.String)[pri:0, instance:testCases.Tc_002_Login_dtt@4b2bac3f]" started-at="2025-06-26T16:37:09 IST" name="setup" finished-at="2025-06-26T16:37:18 IST" duration-ms="8986" status="PASS">
          <params>
            <param index="0">
              <value>
                <![CDATA[chrome]]>
              </value>
            </param>
          </params>
          <reporter-output>
          </reporter-output>
        </test-method> <!-- setup -->
        <test-method signature="ValidateLogin(java.lang.String,java.lang.String,java.lang.String)[pri:0, instance:testCases.Tc_002_Login_dtt@4b2bac3f]" started-at="2025-06-26T16:37:19 IST" name="ValidateLogin" data-provider="dp" finished-at="2025-06-26T16:37:32 IST" duration-ms="12234" status="PASS">
          <params>
            <param index="0">
              <value>
                <![CDATA[rguha837@gmail.com]]>
              </value>
            </param>
            <param index="1">
              <value>
                <![CDATA[abcd_1234]]>
              </value>
            </param>
            <param index="2">
              <value>
                <![CDATA[Valid]]>
              </value>
            </param>
          </params>
          <reporter-output>
          </reporter-output>
        </test-method> <!-- ValidateLogin -->
        <test-method signature="ValidateLogin(java.lang.String,java.lang.String,java.lang.String)[pri:0, instance:testCases.Tc_002_Login_dtt@4b2bac3f]" started-at="2025-06-26T16:37:32 IST" name="ValidateLogin" data-provider="dp" finished-at="2025-06-26T16:37:43 IST" duration-ms="11761" status="PASS">
          <params>
            <param index="0">
              <value>
                <![CDATA[sg@gmail.com]]>
              </value>
            </param>
            <param index="1">
              <value>
                <![CDATA[abc_1234]]>
              </value>
            </param>
            <param index="2">
              <value>
                <![CDATA[Invalid]]>
              </value>
            </param>
          </params>
          <reporter-output>
          </reporter-output>
        </test-method> <!-- ValidateLogin -->
        <test-method is-config="true" signature="teardown()[pri:0, instance:testCases.Tc_002_Login_dtt@4b2bac3f]" started-at="2025-06-26T16:37:43 IST" name="teardown" finished-at="2025-06-26T16:37:44 IST" duration-ms="369" status="PASS">
          <reporter-output>
          </reporter-output>
        </test-method> <!-- teardown -->
      </class> <!-- testCases.Tc_002_Login_dtt -->
    </test> <!-- MasterTestcases -->
  </suite> <!-- Suite -->
</testng-results>
